\BOOKMARK [0][-]{chapter.1}{Introduction}{}% 1
\BOOKMARK [1][-]{section.1.1}{The Problems}{chapter.1}% 2
\BOOKMARK [1][-]{section.1.2}{Research Goals}{chapter.1}% 3
\BOOKMARK [1][-]{section.1.3}{Contributions}{chapter.1}% 4
\BOOKMARK [2][-]{subsection.1.3.1}{Dirt Spot Sweeping Random Strategy}{section.1.3}% 5
\BOOKMARK [2][-]{subsection.1.3.2}{Automated Discovery of Failure Domain}{section.1.3}% 6
\BOOKMARK [2][-]{subsection.1.3.3}{Invariant Guided Random+ Strategy}{section.1.3}% 7
\BOOKMARK [1][-]{section.1.4}{Structure of the Thesis}{chapter.1}% 8
\BOOKMARK [0][-]{chapter.2}{Literature Review I}{}% 9
\BOOKMARK [1][-]{section.2.1}{Software Testing}{chapter.2}% 10
\BOOKMARK [2][-]{subsection.2.1.1}{Software Testing Levels}{section.2.1}% 11
\BOOKMARK [2][-]{subsection.2.1.2}{Software Testing Purpose}{section.2.1}% 12
\BOOKMARK [2][-]{subsection.2.1.3}{Software Testing Perspective}{section.2.1}% 13
\BOOKMARK [3][-]{subsubsection.2.1.3.1}{White-box testing}{subsection.2.1.3}% 14
\BOOKMARK [3][-]{subsubsection.2.1.3.2}{Black-box testing}{subsection.2.1.3}% 15
\BOOKMARK [2][-]{subsection.2.1.4}{Software Testing Execution}{section.2.1}% 16
\BOOKMARK [3][-]{subsubsection.2.1.4.1}{Manual Testing}{subsection.2.1.4}% 17
\BOOKMARK [3][-]{subsubsection.2.1.4.2}{Automated Testing}{subsection.2.1.4}% 18
\BOOKMARK [3][-]{subsubsection.2.1.4.3}{Test Oracle}{subsection.2.1.4}% 19
\BOOKMARK [1][-]{section.2.2}{Random Testing}{chapter.2}% 20
\BOOKMARK [1][-]{section.2.3}{Various versions of random testing}{chapter.2}% 21
\BOOKMARK [2][-]{subsection.2.3.1}{Adaptive Random Testing}{section.2.3}% 22
\BOOKMARK [2][-]{subsection.2.3.2}{Mirror Adaptive Random Testing}{section.2.3}% 23
\BOOKMARK [2][-]{subsection.2.3.3}{Restricted Random Testing}{section.2.3}% 24
\BOOKMARK [2][-]{subsection.2.3.4}{Directed Automated Random Testing}{section.2.3}% 25
\BOOKMARK [2][-]{subsection.2.3.5}{Quasi Random Testing}{section.2.3}% 26
\BOOKMARK [2][-]{subsection.2.3.6}{Feedback-directed Random Testing}{section.2.3}% 27
\BOOKMARK [2][-]{subsection.2.3.7}{The ARTOO Testing}{section.2.3}% 28
\BOOKMARK [2][-]{subsection.2.3.8}{Design by Contract}{section.2.3}% 29
\BOOKMARK [2][-]{subsection.2.3.9}{Summary of automated testing tools}{section.2.3}% 30
\BOOKMARK [1][-]{section.2.4}{Conclusion}{chapter.2}% 31
\BOOKMARK [0][-]{chapter.3}{Literature Review II}{}% 32
\BOOKMARK [1][-]{section.3.1}{Tools for Automated Random Testing}{chapter.3}% 33
\BOOKMARK [2][-]{subsection.3.1.1}{JCrasher}{section.3.1}% 34
\BOOKMARK [2][-]{subsection.3.1.2}{Jartege}{section.3.1}% 35
\BOOKMARK [2][-]{subsection.3.1.3}{Eclat}{section.3.1}% 36
\BOOKMARK [2][-]{subsection.3.1.4}{Randoop Tool}{section.3.1}% 37
\BOOKMARK [2][-]{subsection.3.1.5}{QuickCheck Tool}{section.3.1}% 38
\BOOKMARK [2][-]{subsection.3.1.6}{Autotost Tool}{section.3.1}% 39
\BOOKMARK [2][-]{subsection.3.1.7}{TestEra Tool}{section.3.1}% 40
\BOOKMARK [2][-]{subsection.3.1.8}{Korat Tool}{section.3.1}% 41
\BOOKMARK [1][-]{section.3.2}{YETI Overview}{chapter.3}% 42
\BOOKMARK [2][-]{subsection.3.2.1}{Main Components of YETI Tool}{section.3.2}% 43
\BOOKMARK [3][-]{subsubsection.3.2.1.1}{YETI Core Infrastructure}{subsection.3.2.1}% 44
\BOOKMARK [3][-]{subsubsection.3.2.1.2}{Strategy}{subsection.3.2.1}% 45
\BOOKMARK [3][-]{subsubsection.3.2.1.3}{language-specific bindings}{subsection.3.2.1}% 46
\BOOKMARK [2][-]{subsection.3.2.2}{Construction of Test Cases}{section.3.2}% 47
\BOOKMARK [2][-]{subsection.3.2.3}{Command-line Options}{section.3.2}% 48
\BOOKMARK [2][-]{subsection.3.2.4}{YETI Execution}{section.3.2}% 49
\BOOKMARK [2][-]{subsection.3.2.5}{YETI Test Oracle}{section.3.2}% 50
\BOOKMARK [2][-]{subsection.3.2.6}{YETI Report}{section.3.2}% 51
\BOOKMARK [2][-]{subsection.3.2.7}{Summary of automated testing tools}{section.3.2}% 52
\BOOKMARK [1][-]{section.3.3}{Conclusion}{chapter.3}% 53
\BOOKMARK [0][-]{chapter.4}{Dirt Spot Sweeping Random Strategy}{}% 54
\BOOKMARK [1][-]{section.4.1}{Introduction}{chapter.4}% 55
\BOOKMARK [1][-]{section.4.2}{Dirt Spot Sweeping Random Strategy}{chapter.4}% 56
\BOOKMARK [2][-]{subsection.4.2.1}{Random Strategy \(R\)}{section.4.2}% 57
\BOOKMARK [2][-]{subsection.4.2.2}{Random Plus Strategy \(R+\)}{section.4.2}% 58
\BOOKMARK [2][-]{subsection.4.2.3}{Dirt Spot Sweeping \(DSS\)}{section.4.2}% 59
\BOOKMARK [2][-]{subsection.4.2.4}{Structure of the Dirt Spot Sweeping Random Strategy}{section.4.2}% 60
\BOOKMARK [2][-]{subsection.4.2.5}{Explanation of DSSR strategy on a concrete example}{section.4.2}% 61
\BOOKMARK [1][-]{section.4.3}{Implementation of the DSSR strategy}{chapter.4}% 62
\BOOKMARK [1][-]{section.4.4}{Evaluation}{chapter.4}% 63
\BOOKMARK [2][-]{subsection.4.4.1}{Research questions}{section.4.4}% 64
\BOOKMARK [2][-]{subsection.4.4.2}{Experiments}{section.4.4}% 65
\BOOKMARK [2][-]{subsection.4.4.3}{Performance measurement criteria}{section.4.4}% 66
\BOOKMARK [1][-]{section.4.5}{Results}{chapter.4}% 67
\BOOKMARK [2][-]{subsection.4.5.1}{Is there an absolute best among R, R+ and DSSR strategies?}{section.4.5}% 68
\BOOKMARK [2][-]{subsection.4.5.2}{Are there classes for which any of the three strategies provide better results?}{section.4.5}% 69
\BOOKMARK [2][-]{subsection.4.5.3}{Can we pick the best default strategy between R, R+ and DSSR?}{section.4.5}% 70
\BOOKMARK [1][-]{section.4.6}{Discussion}{chapter.4}% 71
\BOOKMARK [1][-]{section.4.7}{Related Work}{chapter.4}% 72
\BOOKMARK [1][-]{section.4.8}{Conclusions}{chapter.4}% 73
\BOOKMARK [0][-]{chapter.5}{Automated Discovery of Failure Domain}{}% 74
\BOOKMARK [1][-]{section.5.1}{Introduction}{chapter.5}% 75
\BOOKMARK [1][-]{section.5.2}{Automated Discovery of Failure Domain}{chapter.5}% 76
\BOOKMARK [1][-]{section.5.3}{Implementation}{chapter.5}% 77
\BOOKMARK [2][-]{subsection.5.3.1}{York Extensible Testing Infrastructure}{section.5.3}% 78
\BOOKMARK [2][-]{subsection.5.3.2}{ADFD strategy in YETI}{section.5.3}% 79
\BOOKMARK [2][-]{subsection.5.3.3}{Example}{section.5.3}% 80
\BOOKMARK [1][-]{section.5.4}{Experimental Results}{chapter.5}% 81
\BOOKMARK [1][-]{section.5.5}{Discussion}{chapter.5}% 82
\BOOKMARK [1][-]{section.5.6}{Threats to Validity}{chapter.5}% 83
\BOOKMARK [1][-]{section.5.7}{Related Works}{chapter.5}% 84
\BOOKMARK [1][-]{section.5.8}{Conclusion}{chapter.5}% 85
\BOOKMARK [0][-]{chapter.6}{Invariant Guided Random+ Strategy}{}% 86
\BOOKMARK [1][-]{section.6.1}{Introduction}{chapter.6}% 87
\BOOKMARK [1][-]{section.6.2}{Invariant Guided Random+ Strategy}{chapter.6}% 88
\BOOKMARK [2][-]{subsection.6.2.1}{Daikon}{section.6.2}% 89
\BOOKMARK [2][-]{subsection.6.2.2}{Random Plus Strategy \(R+\)}{section.6.2}% 90
\BOOKMARK [2][-]{subsection.6.2.3}{Structure of the Invariant Guided Random+ Strategy}{section.6.2}% 91
\BOOKMARK [2][-]{subsection.6.2.4}{Explanation of IGRS strategy on a concrete example}{section.6.2}% 92
\BOOKMARK [1][-]{section.6.3}{Implementation of the IGRS strategy}{chapter.6}% 93
\BOOKMARK [1][-]{section.6.4}{Evaluation}{chapter.6}% 94
\BOOKMARK [2][-]{subsection.6.4.1}{Research questions}{section.6.4}% 95
\BOOKMARK [2][-]{subsection.6.4.2}{Experiments}{section.6.4}% 96
\BOOKMARK [2][-]{subsection.6.4.3}{Performance measurement criteria}{section.6.4}% 97
\BOOKMARK [1][-]{section.6.5}{Results}{chapter.6}% 98
\BOOKMARK [2][-]{subsection.6.5.1}{Answer A}{section.6.5}% 99
\BOOKMARK [2][-]{subsection.6.5.2}{Answer B}{section.6.5}% 100
\BOOKMARK [2][-]{subsection.6.5.3}{Answer C}{section.6.5}% 101
\BOOKMARK [1][-]{section.6.6}{Discussion}{chapter.6}% 102
\BOOKMARK [1][-]{section.6.7}{Related Work}{chapter.6}% 103
\BOOKMARK [1][-]{section.6.8}{Conclusions}{chapter.6}% 104
\BOOKMARK [0][-]{chapter.7}{Conclusion and Future Work}{}% 105
\BOOKMARK [1][-]{section.7.1}{Introduction}{chapter.7}% 106
\BOOKMARK [0][-]{appendix.A}{Sample Title}{}% 107
\BOOKMARK [1][-]{section.A.1}{Appendix hello}{appendix.A}% 108
\BOOKMARK [0][-]{section.A.1}{Bibliography}{}% 109
