\BOOKMARK [1][-]{section*.1}{List of Tables}{}
\BOOKMARK [1][-]{section*.1}{List of Figures}{}
\BOOKMARK [1][-]{section*.1}{Acknowledgements}{}
\BOOKMARK [1][-]{section*.1}{Declaration}{}
\BOOKMARK [0][-]{chapter.1}{Introduction}{}
\BOOKMARK [1][-]{section.1.1}{The Problems}{chapter.1}
\BOOKMARK [2][-]{subsection.1.1.1}{Test input data is decisive}{section.1.1}
\BOOKMARK [2][-]{subsection.1.1.2}{Selecting Fault finding input is challenging}{section.1.1}
\BOOKMARK [1][-]{section.1.2}{Our Goals}{chapter.1}
\BOOKMARK [1][-]{section.1.3}{Contributions}{chapter.1}
\BOOKMARK [2][-]{subsection.1.3.1}{Dirt Spot Sweeping Random Strategy}{section.1.3}
\BOOKMARK [2][-]{subsection.1.3.2}{Automated Discovery of Failure Domain}{section.1.3}
\BOOKMARK [2][-]{subsection.1.3.3}{Directed Random Plus Strategy}{section.1.3}
\BOOKMARK [1][-]{section.1.4}{Thesis Outline}{chapter.1}
\BOOKMARK [0][-]{chapter.2}{Literature Review}{}
\BOOKMARK [1][-]{section.2.1}{Software Testing}{chapter.2}
\BOOKMARK [2][-]{subsection.2.1.1}{Categories of Software Testing}{section.2.1}
\BOOKMARK [3][-]{subsubsection.2.1.1.1}{Black-box Testing}{subsection.2.1.1}
\BOOKMARK [3][-]{subsubsection.2.1.1.2}{White-box Testing}{subsection.2.1.1}
\BOOKMARK [2][-]{subsection.2.1.2}{Manual Testing}{section.2.1}
\BOOKMARK [2][-]{subsection.2.1.3}{Automated Testing}{section.2.1}
\BOOKMARK [3][-]{subsubsection.2.1.3.1}{Random Testing}{subsection.2.1.3}
\BOOKMARK [3][-]{subsubsection.2.1.3.2}{Exhaustive Testing}{subsection.2.1.3}
\BOOKMARK [1][-]{section.2.2}{Automated Random Testing}{chapter.2}
\BOOKMARK [2][-]{subsection.2.2.1}{Test Data Generation}{section.2.2}
\BOOKMARK [2][-]{subsection.2.2.2}{Test Execution}{section.2.2}
\BOOKMARK [2][-]{subsection.2.2.3}{Test Oracle}{section.2.2}
\BOOKMARK [2][-]{subsection.2.2.4}{Test Report}{section.2.2}
\BOOKMARK [1][-]{section.2.3}{Variations is Random Testing}{chapter.2}
\BOOKMARK [2][-]{subsection.2.3.1}{Adaptive Random Testing}{section.2.3}
\BOOKMARK [2][-]{subsection.2.3.2}{Mirror Adaptive Random Testing}{section.2.3}
\BOOKMARK [2][-]{subsection.2.3.3}{Directed Automated Random Testing}{section.2.3}
\BOOKMARK [2][-]{subsection.2.3.4}{Quasi Random Testing}{section.2.3}
\BOOKMARK [2][-]{subsection.2.3.5}{Monti Carlo Random Testing}{section.2.3}
\BOOKMARK [2][-]{subsection.2.3.6}{Good Random Testing}{section.2.3}
\BOOKMARK [2][-]{subsection.2.3.7}{Feedback-directed Random Testing}{section.2.3}
\BOOKMARK [2][-]{subsection.2.3.8}{Adaptive Random Testing for Object-Oriented}{section.2.3}
\BOOKMARK [2][-]{subsection.2.3.9}{Restricted Random Testing}{section.2.3}
\BOOKMARK [1][-]{section.2.4}{Automated Random Testing Tools}{chapter.2}
\BOOKMARK [2][-]{subsection.2.4.1}{JCrasher}{section.2.4}
\BOOKMARK [2][-]{subsection.2.4.2}{JArtage}{section.2.4}
\BOOKMARK [2][-]{subsection.2.4.3}{Eclat}{section.2.4}
\BOOKMARK [2][-]{subsection.2.4.4}{JTest}{section.2.4}
\BOOKMARK [2][-]{subsection.2.4.5}{QuickCheck}{section.2.4}
\BOOKMARK [2][-]{subsection.2.4.6}{AgitarOne}{section.2.4}
\BOOKMARK [2][-]{subsection.2.4.7}{Autotost}{section.2.4}
\BOOKMARK [2][-]{subsection.2.4.8}{TestEra}{section.2.4}
\BOOKMARK [2][-]{subsection.2.4.9}{Korat}{section.2.4}
\BOOKMARK [2][-]{subsection.2.4.10}{RANDOOP}{section.2.4}
\BOOKMARK [2][-]{subsection.2.4.11}{YETI}{section.2.4}
\BOOKMARK [1][-]{section.2.5}{Conclusion}{chapter.2}
\BOOKMARK [0][-]{chapter.3}{Dirt Spot Sweeping Random Strategy}{}
\BOOKMARK [1][-]{section.3.1}{Introduction}{chapter.3}
\BOOKMARK [1][-]{section.3.2}{Dirt Spot Sweeping Random Strategy}{chapter.3}
\BOOKMARK [2][-]{subsection.3.2.1}{Random Strategy \(R\)}{section.3.2}
\BOOKMARK [2][-]{subsection.3.2.2}{Random Plus Strategy \(R+\)}{section.3.2}
\BOOKMARK [2][-]{subsection.3.2.3}{Dirt Spot Sweeping \(DSS\)}{section.3.2}
\BOOKMARK [2][-]{subsection.3.2.4}{Structure of the Dirt Spot Sweeping Random Strategy}{section.3.2}
\BOOKMARK [2][-]{subsection.3.2.5}{Explanation of DSSR strategy on a concrete example}{section.3.2}
\BOOKMARK [1][-]{section.3.3}{Implementation of the DSSR \040strategy}{chapter.3}
\BOOKMARK [1][-]{section.3.4}{Evaluation}{chapter.3}
\BOOKMARK [2][-]{subsection.3.4.1}{Research questions}{section.3.4}
\BOOKMARK [2][-]{subsection.3.4.2}{Experiments}{section.3.4}
\BOOKMARK [2][-]{subsection.3.4.3}{Performance measurement criteria}{section.3.4}
\BOOKMARK [1][-]{section.3.5}{Results}{chapter.3}
\BOOKMARK [2][-]{subsection.3.5.1}{Is there an absolute best among R, R+ and DSSR strategies?}{section.3.5}
\BOOKMARK [2][-]{subsection.3.5.2}{Are there classes for which any of the three strategies provide better results?}{section.3.5}
\BOOKMARK [2][-]{subsection.3.5.3}{Can we pick the best default strategy between R, R+ and DSSR?}{section.3.5}
\BOOKMARK [1][-]{section.3.6}{Discussion}{chapter.3}
\BOOKMARK [1][-]{section.3.7}{Related Work}{chapter.3}
\BOOKMARK [1][-]{section.3.8}{Conclusions}{chapter.3}
\BOOKMARK [0][-]{chapter.4}{Automated Discovery of Failure Domain Strategy}{}
\BOOKMARK [1][-]{section.4.1}{Introduction}{chapter.4}
\BOOKMARK [1][-]{section.4.2}{Automated Discovery of Failure Domain}{chapter.4}
\BOOKMARK [1][-]{section.4.3}{Implementation}{chapter.4}
\BOOKMARK [2][-]{subsection.4.3.1}{York Extensible Testing Infrastructure}{section.4.3}
\BOOKMARK [2][-]{subsection.4.3.2}{ADFD strategy in YETI}{section.4.3}
\BOOKMARK [2][-]{subsection.4.3.3}{Example}{section.4.3}
\BOOKMARK [1][-]{section.4.4}{Experimental Results}{chapter.4}
\BOOKMARK [1][-]{section.4.5}{Discussion}{chapter.4}
\BOOKMARK [1][-]{section.4.6}{Threats to Validity}{chapter.4}
\BOOKMARK [1][-]{section.4.7}{Related Works}{chapter.4}
\BOOKMARK [1][-]{section.4.8}{Conclusion}{chapter.4}
\BOOKMARK [0][-]{chapter.5}{Directed Random Plus Strategy}{}
\BOOKMARK [0][-]{chapter.6}{Conclusion}{}
\BOOKMARK [0][-]{section*.2}{References}{}
