This is pdfTeX, Version 3.1415926-2.5-1.40.14 (MiKTeX 2.9 64-bit) (preloaded format=pdftex 2013.9.18)  24 SEP 2013 22:23
entering extended mode
**C:/Users/MianAsbat/git/yeti-test/Mian_PhD_Thesis/References/references.bib
(C:/Users/MianAsbat/git/yeti-test/Mian_PhD_Thesis/References/references.bib
Overfull \hbox (14.24612pt too wide) in paragraph at lines 4--21
\tenrm bugs;Debugging;Fault de-tec-tion;Programming pro-fes-sion;Testing;data f
low anal-y-sis;program de-bug-ging;program|

\hbox(6.94444+1.94444)x469.75499, glue set - 1.0
.\tenrm b
.\tenrm u
.\tenrm g
.\tenrm s
.\tenrm ;
.etc.


Overfull \hbox (36.19035pt too wide) in paragraph at lines 4--21
\tenrm test-ing;reverse en-gi-neer-ing;software re-li-a-bil-ity;software tools;
dataflow tests;execution dic-ing;execution slices;execution|

\hbox(6.94444+1.94444)x469.75499, glue set - 1.0
.\tenrm t
.\tenrm e
.\tenrm s
.\tenrm t
.\discretionary
..\tenrm -
.etc.

Missing character: There is no ï in font cmr10!
Missing character: There is no ¿ in font cmr10!
Missing character: There is no ½ in font cmr10!
Missing character: There is no ï in font cmr10!
Missing character: There is no ¿ in font cmr10!
Missing character: There is no ½ in font cmr10!

Overfull \hbox (151.4132pt too wide) in paragraph at lines 87--95
\tenrm ing;faults;law eval-u-a-tion;Approximation meth-ods;Equations;Histograms
;Java;Mathematical model;Runtime;Testing;automated;random;testing,|

\hbox(6.94444+1.94444)x469.75499, glue set - 1.0
.\tenrm i
.\tenrm n
.\tenrm g
.\tenrm ;
.\tenrm f
.etc.


Overfull \hbox (6.69862pt too wide) in paragraph at lines 121--129
\tenrm Soft-ware En-gi-neer-ing, 1998. Pro-ceed-ings. 13th IEEE In-ter-na-tiona
l Con-fer-ence on, pages=285--288, year=1998,|

\hbox(6.94444+1.94444)x469.75499, glue set - 1.0
.\tenrm S
.\tenrm o
.\tenrm f
.\discretionary replacing 2
..\tenrm t
..\tenrm -
.\tenrm t
.etc.


Overfull \hbox (4.55138pt too wide) in paragraph at lines 146--154
[]\tenrm @inproceedingsbertolino2007software, ti-tle=Software test-ing re-searc
h: Achieve-ments, chal-lenges, dreams,|

\hbox(6.94444+1.94444)x469.75499, glue set - 1.0
.\hbox(0.0+0.0)x20.0
.\tenrm @
.\tenrm i
.\tenrm n
.\tenrm p
.etc.

[1{C:/ProgramData/MiKTeX/2.9/pdftex/config/pdftex.map}]
Missing character: There is no ï in font cmr10!
Missing character: There is no ¿ in font cmr10!
Missing character: There is no ½ in font cmr10!

Overfull \hbox (1.69049pt too wide) in paragraph at lines 164--171
\tenrm In-sti-tute of Elec-tri-cal and Elec-tron-ics En-gi-neers, url=http://bo
oks.google.co.uk/books?id=dXQlcgAACAAJ,|

\hbox(7.5+2.5)x469.75499, glue set - 1.0
.\tenrm I
.\tenrm n
.\discretionary
..\tenrm -
.\tenrm s
.\tenrm t
.etc.


Overfull \hbox (78.41289pt too wide) in paragraph at lines 237--256
\tenrm 518--527, ad-dress = New York, NY, USA, pub-lisher = ACM, acmid = 808475
, doi = http://doi.acm.org/10.1145/800027.808475,|

\hbox(7.5+2.5)x469.75499, glue set - 1.0
.\tenrm 5
.\tenrm 1
.\tenrm 8
.\tenrm { (ligature --)
.\discretionary
.etc.


Overfull \hbox (41.02388pt too wide) in paragraph at lines 257--270
\tenrm pages = 123--133, ad-dress = New York, NY, USA, pub-lisher = ACM, doi = 
http://doi.acm.org/10.1145/566172.566191,|

\hbox(7.5+2.5)x469.75499, glue set - 1.0
.\tenrm p
.\tenrm a
.\tenrm g
.\tenrm e
.\tenrm s
.etc.


Overfull \hbox (60.1905pt too wide) in paragraph at lines 297--310
\tenrm issn = 0950-5849, key-words = Par-ti-tion test-ing, url = http://www.sci
encedirect.com/science/article/pii/0950584996011032|

\hbox(7.5+2.5)x469.75499, glue set - 1.0
.\tenrm i
.\tenrm s
.\tenrm s
.\tenrm n
.\glue 3.33333 plus 1.66666 minus 1.11111
.etc.


Underfull \hbox (badness 10000) in paragraph at lines 297--310


\hbox(0.0+0.0)x469.75499
.\glue(\rightskip) 0.0


Overfull \hbox (62.74626pt too wide) in paragraph at lines 312--326
\tenrm Verlag, acmid = 650287, isbn = 3-540-43749-5, numpages = 10, url = http:
//portal.acm.org/citation.cfm?id=645341.650287|

\hbox(7.5+2.5)x469.75499, glue set - 1.0
.\tenrm V
.\kern-0.83334
.\tenrm e
.\tenrm r
.\tenrm l
.etc.


Underfull \hbox (badness 10000) in paragraph at lines 312--326


\hbox(0.0+0.0)x469.75499
.\glue(\rightskip) 0.0

[2]
Overfull \hbox (78.66286pt too wide) in paragraph at lines 436--451
\tenrm domtest-ing, Black box test-ing, Test case se-lec-tion, Soft-waretest-in
g, url = http://portal.acm.org/citation.cfm?id=950789.951282|

\hbox(7.5+2.5)x469.75499, glue set - 1.0
.\tenrm d
.\tenrm o
.\tenrm m
.\kern-0.27779
.\tenrm t
.etc.


Underfull \hbox (badness 10000) in paragraph at lines 436--451


\hbox(0.0+0.0)x469.75499
.\glue(\rightskip) 0.0

[3]
Overfull \hbox (35.82951pt too wide) in paragraph at lines 503--522
\tenrm ran-dom test-ing, lo-ca-tion = Long Beach, CA, USA, numpages = 4, url = 
http://doi.acm.org/10.1145/1101908.1101957|

\hbox(7.5+2.5)x469.75499, glue set - 1.0
.\tenrm r
.\tenrm a
.\tenrm n
.\discretionary
..\tenrm -
.\tenrm d
.etc.


Underfull \hbox (badness 10000) in paragraph at lines 503--522


\hbox(0.0+0.0)x469.75499
.\glue(\rightskip) 0.0


Overfull \hbox (68.41286pt too wide) in paragraph at lines 533--550
\tenrm 80, ad-dress = New York, NY, USA, pub-lisher = ACM, acmid = 1368099, doi
 = http://doi.acm.org/10.1145/1368088.1368099,|

\hbox(7.5+2.5)x469.75499, glue set - 1.0
.\tenrm 8
.\tenrm 0
.\tenrm ,
.\glue 3.33333 plus 2.08331 minus 0.88889
.\tenrm a
.etc.


Overfull \hbox (3.99591pt too wide) in paragraph at lines 551--562
[]\tenrm @ARTICLEKhurshid2004, au-thor = Sar-fraz Khur-shid and Darko Mari-nov,
 ti-tle = TestEra: Specification-|

\hbox(6.94444+1.94444)x469.75499, glue set - 1.0
.\hbox(0.0+0.0)x20.0
.\tenrm @
.\tenrm A
.\tenrm R
.\kern-0.83334
.etc.


Overfull \hbox (99.21855pt too wide) in paragraph at lines 594--613
\tenrm ing, ob-ject dis-tance, ran-dom test-ing, lo-ca-tion = Port-land, Maine,
 numpages = 9, url = http://doi.acm.org/10.1145/1145735.1145744|

\hbox(7.5+2.5)x469.75499, glue set - 1.0
.\tenrm i
.\tenrm n
.\tenrm g
.\tenrm ,
.\glue 3.33333 plus 2.08331 minus 0.88889
.etc.


Underfull \hbox (badness 10000) in paragraph at lines 594--613


\hbox(0.0+0.0)x469.75499
.\glue(\rightskip) 0.0

[4]
Overfull \hbox (62.19077pt too wide) in paragraph at lines 642--659
\tenrm ran-dom test-ing, pre-dictabil-ity, fault, fail-ure, numpages = 10, url 
= http://portal.acm.org/citation.cfm?id=1381305.1382069|

\hbox(7.5+2.5)x469.75499, glue set - 1.0
.\tenrm r
.\tenrm a
.\tenrm n
.\discretionary
..\tenrm -
.\tenrm d
.etc.


Underfull \hbox (badness 10000) in paragraph at lines 642--659


\hbox(0.0+0.0)x469.75499
.\glue(\rightskip) 0.0


Overfull \hbox (27.63496pt too wide) in paragraph at lines 681--697
\tenrm dress = New York, NY, USA, pub-lisher = ACM, acmid = 351266, doi = http:
//doi.acm.org/10.1145/351240.351266,|

\hbox(7.5+2.5)x469.75499, glue set - 1.0
.\tenrm d
.\tenrm r
.\tenrm e
.\tenrm s
.\tenrm s
.etc.


Overfull \hbox (6.38507pt too wide) in paragraph at lines 725--739
\tenrm 1243381, isbn = 0-12-200550-3, numpages = 82, url = http://portal.acm.or
g/citation.cfm?id=1243380.1243381|

\hbox(7.5+2.5)x469.75499, glue set - 1.0
.\tenrm 1
.\tenrm 2
.\tenrm 4
.\tenrm 3
.\tenrm 3
.etc.


Underfull \hbox (badness 10000) in paragraph at lines 725--739


\hbox(0.0+0.0)x469.75499
.\glue(\rightskip) 0.0

[5]
Overfull \hbox (3.2739pt too wide) in paragraph at lines 822--830
[]\tenrm @incollectiondonat1997automating, ti-tle=Automating for-mal specificat
ion-based test-ing, au-thor=Donat,|

\hbox(6.94444+1.94444)x469.75499, glue set - 1.0
.\hbox(0.0+0.0)x20.0
.\tenrm @
.\tenrm i
.\tenrm n
.\tenrm c
.etc.


Overfull \hbox (15.71823pt too wide) in paragraph at lines 822--830
\tenrm Michael R, book-ti-tle=TAPSOFT'97: The-ory and Prac-tice of Soft-ware De
-vel-op-ment, pages=833--847, year=1997,|

\hbox(6.94444+1.94444)x469.75499, glue set - 1.0
.\tenrm M
.\tenrm i
.\tenrm c
.\kern-0.27779
.\tenrm h
.etc.


Overfull \hbox (21.32951pt too wide) in paragraph at lines 857--877
\tenrm = 0360-0300, pages = 9:1--9:76, ar-ti-cleno = 9, numpages = 76, url = ht
tp://doi.acm.org/10.1145/1459352.1459354,|

\hbox(7.5+2.5)x469.75499, glue set - 1.0
.\tenrm =
.\glue 3.33333 plus 1.66666 minus 1.11111
.\tenrm 0
.\tenrm 3
.\tenrm 6
.etc.


Overfull \hbox (11.13374pt too wide) in paragraph at lines 938--946
[]\tenrm @articleradatz1990ieee, ti-tle=IEEE stan-dard glos-sary of soft-ware e
n-gi-neer-ing ter-mi-nol-ogy, au-thor=Radatz,|

\hbox(6.94444+1.94444)x469.75499, glue set - 1.0
.\hbox(0.0+0.0)x20.0
.\tenrm @
.\tenrm a
.\tenrm r
.\tenrm t
.etc.

[6]
Overfull \hbox (179.41301pt too wide) in paragraph at lines 1026--1036
[]\tenrm @MISCjava2011, au-thor = Or-a-cle Java, month = May, year = 2011, ti-t
le = Java, ad-dress = http://www.oracle.com/technetwork/java/index.html,|

\hbox(7.5+2.5)x469.75499, glue set - 1.0
.\hbox(0.0+0.0)x20.0
.\tenrm @
.\tenrm M
.\tenrm I
.\tenrm S
.etc.

! You can't use `macro parameter character #' in horizontal mode.
l.1087 ...e = {How open source software works: } #
                                                   free # { user-to-user ass...

? 
! You can't use `macro parameter character #' in horizontal mode.
l.1087 ...w open source software works: } # free #
                                                   { user-to-user assistance},
? 
[7]
Overfull \hbox (9.02382pt too wide) in paragraph at lines 1153--1159
[]\tenrm @bookvoas1997software, ti-tle=Software fault in-jec-tion: in-oc-u-lat-
ing pro-grams against er-rors, au-thor=Voas,|

\hbox(6.94444+1.94444)x469.75499, glue set - 1.0
.\hbox(0.0+0.0)x20.0
.\tenrm @
.\tenrm b
.\kern0.27779
.\tenrm o
.etc.


Overfull \hbox (2.74596pt too wide) in paragraph at lines 1187--1195
[]\tenrm @inproceedingschen2009enhanced, ti-tle=Enhanced lattice-based adap-tiv
e ran-dom test-ing, au-thor=Chen,|

\hbox(6.94444+1.94444)x469.75499, glue set - 1.0
.\hbox(0.0+0.0)x20.0
.\tenrm @
.\tenrm i
.\tenrm n
.\tenrm p
.etc.


Overfull \hbox (5.21721pt too wide) in paragraph at lines 1316--1335
\tenrm test-ing., numpages = 12, pub-lisher = IEEE Press, url = http://portal.a
cm.org/citation.cfm?id=505464.505469|

\hbox(7.5+2.5)x469.75499, glue set - 1.0
.\tenrm t
.\tenrm e
.\tenrm s
.\tenrm t
.\discretionary
..\tenrm -
.etc.


Underfull \hbox (badness 10000) in paragraph at lines 1316--1335


\hbox(0.0+0.0)x469.75499
.\glue(\rightskip) 0.0

[8]
Overfull \hbox (35.66281pt too wide) in paragraph at lines 1336--1354
\tenrm 0163-5948, is-sue-date = May 1996, numpages = 6, pub-lisher = ACM, url =
 http://doi.acm.org/10.1145/226295.226317|

\hbox(7.5+2.5)x469.75499, glue set - 1.0
.\tenrm 0
.\tenrm 1
.\tenrm 6
.\tenrm 3
.\tenrm -
.etc.


Underfull \hbox (badness 10000) in paragraph at lines 1336--1354


\hbox(0.0+0.0)x469.75499
.\glue(\rightskip) 0.0


Overfull \hbox (25.32945pt too wide) in paragraph at lines 1365--1375
[]\tenrm @articleadrion1982validation, ti-tle=Validation, ver-i-fi-ca-tion, and
 test-ing of com-puter soft-ware, au-thor=Adrion,|

\hbox(6.94444+1.94444)x469.75499, glue set - 1.0
.\hbox(0.0+0.0)x20.0
.\tenrm @
.\tenrm a
.\tenrm r
.\tenrm t
.etc.


Overfull \hbox (14.16168pt too wide) in paragraph at lines 1434--1451
\tenrm USA, pub-lisher = IEEE Com-puter So-ci-ety, acmid = 1912578, doi = http:
//dx.doi.org/10.1109/ICECCS.2010.58,|

\hbox(7.5+2.5)x469.75499, glue set - 1.0
.\tenrm U
.\tenrm S
.\tenrm A
.\tenrm ,
.\glue 3.33333 plus 1.66666 minus 1.11111
.etc.


Overfull \hbox (88.41281pt too wide) in paragraph at lines 1470--1483
\tenrm ume = 0, pages = 434-437, ad-dress = Los Alami-tos, CA, USA, doi = http:
//doi.ieeecomputersociety.org/10.1109/ICSTW.2010.68,|

\hbox(7.5+2.5)x469.75499, glue set - 1.0
.\tenrm u
.\tenrm m
.\tenrm e
.\glue 3.33333 plus 1.66666 minus 1.11111
.\tenrm =
.etc.

[9]
Underfull \hbox (badness 10000) in paragraph at lines 1508--1524


\hbox(0.0+0.0)x469.75499
.\glue(\rightskip) 0.0


Overfull \hbox (78.88528pt too wide) in paragraph at lines 1536--1552
\tenrm http://dx.doi.org/10.1109/ICSE.2007.37, isbn = 0-7695-2828-7, numpages =
 10, url = http://dx.doi.org/10.1109/ICSE.2007.37|

\hbox(7.5+2.5)x469.75499, glue set - 1.0
.\tenrm h
.\kern-0.27779
.\tenrm t
.\tenrm t
.\tenrm p
.etc.


Underfull \hbox (badness 10000) in paragraph at lines 1536--1552


\hbox(0.0+0.0)x469.75499
.\glue(\rightskip) 0.0

[10]
! Undefined control sequence.
l.1685   url = {\url
                    {http://en.wikipedia.org/w/index.php?title=Plagiarism&ol...

? 
! Misplaced alignment tab character &.
l.1685 ...ipedia.org/w/index.php?title=Plagiarism&
                                                  oldid=5139350}}
? 

Overfull \hbox (58.14438pt too wide) in paragraph at lines 1680--1687
\tenrm 20013, note = [On-line; ac-cessed 23-Mar-2013], url = http://en.wikipedi
a.org/w/index.php?title=Plagiarismoldid=5139350|

\hbox(7.5+2.5)x469.75499, glue set - 1.0
.\tenrm 2
.\tenrm 0
.\tenrm 0
.\tenrm 1
.\tenrm 3
.etc.


Underfull \hbox (badness 10000) in paragraph at lines 1680--1687


\hbox(0.0+0.0)x469.75499
.\glue(\rightskip) 0.0


Overfull \hbox (17.99605pt too wide) in paragraph at lines 1719--1729
[]\tenrm @articlekorel1990, ti-tle=Automated soft-ware test data gen-er-a-tion,
 au-thor=Korel, Bog-dan, jour-nal=Software|

\hbox(6.94444+1.94444)x469.75499, glue set - 1.0
.\hbox(0.0+0.0)x20.0
.\tenrm @
.\tenrm a
.\tenrm r
.\tenrm t
.etc.

! Missing $ inserted.
<inserted text> 
                $
<to be read again> 
                   _
l.1752 @comment{jabref-meta: selector_
                                      publisher:}
? 
! Extra }, or forgotten $.
l.1752 @comment{jabref-meta: selector_publisher:}
                                                 
? 
! Missing $ inserted.
<inserted text> 
                $
<to be read again> 
                   \par 
l.1753 
       
? 
! Missing $ inserted.
<inserted text> 
                $
<to be read again> 
                   _
l.1754 @comment{jabref-meta: selector_
                                      author:}
? 
! Extra }, or forgotten $.
l.1754 @comment{jabref-meta: selector_author:}
                                              
? 
! Missing $ inserted.
<inserted text> 
                $
<to be read again> 
                   \par 
l.1755 
       
? 
! Missing $ inserted.
<inserted text> 
                $
<to be read again> 
                   _
l.1756 @comment{jabref-meta: selector_
                                      journal:}
? 
! Extra }, or forgotten $.
l.1756 @comment{jabref-meta: selector_journal:}
                                               
? 
! Missing $ inserted.
<inserted text> 
                $
<to be read again> 
                   \par 
l.1757 
       
? 
! Missing $ inserted.
<inserted text> 
                $
<to be read again> 
                   _
l.1758 @comment{jabref-meta: selector_
                                      keywords:}
? 
! Extra }, or forgotten $.
l.1758 @comment{jabref-meta: selector_keywords:}
                                                
? 
! Missing $ inserted.
<inserted text> 
                $
<to be read again> 
                   \par 
l.1759 
       
? 
)
*
(Please type a command or say `\end')
*
(Please type a command or say `\end')
*
(Please type a command or say `\end')
*
(Please type a command or say `\end')
*
(Please type a command or say `\end')
*
(Please type a command or say `\end')
*
(Please type a command or say `\end')
*
(Please type a command or say `\end')
*
(Please type a command or say `\end')
*
(Please type a command or say `\end')
*
(Please type a command or say `\end')
*
(Please type a command or say `\end')
*
(Please type a command or say `\end')
*
(Please type a command or say `\end')
*
(Please type a command or say `\end')
*
(Please type a command or say `\end')
*
(Please type a command or say `\end')
*
(Please type a command or say `\end')
*
(Please type a command or say `\end')
*
(Please type a command or say `\end')
*
(Please type a command or say `\end')
*
(Please type a command or say `\end')
*
(Please type a command or say `\end')
*
(Please type a command or say `\end')
*
(Please type a command or say `\end')
*
(Please type a command or say `\end')
*
(Please type a command or say `\end')
*
(Please type a command or say `\end')
*
(Please type a command or say `\end')
*
(Please type a command or say `\end')
*
(Please type a command or say `\end')
*
(Please type a command or say `\end')
*
(Please type a command or say `\end')
*
(Please type a command or say `\end')
*
(Please type a command or say `\end')
*
(Please type a command or say `\end')
*
(Please type a command or say `\end')
*
(Please type a command or say `\end')
*
(Please type a command or say `\end')
*
(Please type a command or say `\end')
*
(Please type a command or say `\end')
*
(Please type a command or say `\end')
*
(Please type a command or say `\end')
*
(Please type a command or say `\end')
*
(Please type a command or say `\end')
*
(Please type a command or say `\end')
*
(Please type a command or say `\end')
*
(Please type a command or say `\end')
*
(Please type a command or say `\end')
*
(Please type a command or say `\end')
*
(Please type a command or say `\end')
*
(Please type a command or say `\end')
*
(Please type a command or say `\end')
*
(Please type a command or say `\end')
*
(Please type a command or say `\end')
*
(Please type a command or say `\end')
*
(Please type a command or say `\end')
*
(Please type a command or say `\end')
*
(Please type a command or say `\end')
*
(Please type a command or say `\end')
*
(Please type a command or say `\end')
*
(Please type a command or say `\end')
*
(Please type a command or say `\end')
*
(Please type a command or say `\end')
*
(Please type a command or say `\end')
*
(Please type a command or say `\end')
*
(Please type a command or say `\end')
*
(Please type a command or say `\end')
*
(Please type a command or say `\end')
*
(Please type a command or say `\end')
*
(Please type a command or say `\end')
*
(Please type a command or say `\end')
*
(Please type a command or say `\end')
*
(Please type a command or say `\end')
*
(Please type a command or say `\end')
*
(Please type a command or say `\end')
*
(Please type a command or say `\end')
*
(Please type a command or say `\end')
*
(Please type a command or say `\end')
*
(Please type a command or say `\end')
*
(Please type a command or say `\end')
*
(Please type a command or say `\end')
*
(Please type a command or say `\end')
*
(Please type a command or say `\end')
*
(Please type a command or say `\end')
*
(Please type a command or say `\end')
*
(Please type a command or say `\end')
*
(Please type a command or say `\end')
*
(Please type a command or say `\end')
*
(Please type a command or say `\end')
*
(Please type a command or say `\end')
*
(Please type a command or say `\end')
*
(Please type a command or say `\end')
*
(Please type a command or say `\end')
*
(Please type a command or say `\end')
*
(Please type a command or say `\end')
*
(Please type a command or say `\end')
*
(Please type a command or say `\end')
*
(Please type a command or say `\end')
*
(Please type a command or say `\end')
*
(Please type a command or say `\end')
*
(Please type a command or say `\end')
*
(Please type a command or say `\end')
*
(Please type a command or say `\end')
*\end
[11]
(\end occurred inside a group at level 4)

### simple group (level 4) entered at line 1758 ({)
### simple group (level 3) entered at line 1756 ({)
### simple group (level 2) entered at line 1754 ({)
### simple group (level 1) entered at line 1752 ({)
### bottom level<C:/Program Files/MiKTeX 2.9/fonts/type1/public/amsfonts/cm/cmm
i10.pfb><C:/Program Files/MiKTeX 2.9/fonts/type1/public/amsfonts/cm/cmmi7.pfb><
C:/Program Files/MiKTeX 2.9/fonts/type1/public/amsfonts/cm/cmr10.pfb>
Output written on references.pdf (11 pages, 88576 bytes).
PDF statistics:
 50 PDF objects out of 1000 (max. 8388607)
 0 named destinations out of 1000 (max. 500000)
 1 words of extra memory for PDF output out of 10000 (max. 10000000)

