\BOOKMARK [0][]{section*.2}{Contents}{}
\BOOKMARK [0][]{section*.4}{List of Figures}{}
\BOOKMARK [0][]{section*.4}{Nomenclature}{}
\BOOKMARK [0][]{chapter.1}{1 Introduction}{}
\BOOKMARK [1][]{section.1.1}{1.1 The problems}{chapter.1}
\BOOKMARK [1][]{section.1.2}{1.2 Our Goals}{chapter.1}
\BOOKMARK [1][]{section.1.3}{1.3 Contributions}{chapter.1}
\BOOKMARK [2][]{subsection.1.3.1}{1.3.1 Dirt Spot Sweeping Random Strategy}{section.1.3}
\BOOKMARK [2][]{subsection.1.3.2}{1.3.2 Automated Discovery of Failure Domain}{section.1.3}
\BOOKMARK [2][]{subsection.1.3.3}{1.3.3 Random-plus-plus test strategy }{section.1.3}
\BOOKMARK [1][]{section.1.4}{1.4 Thesis Outline}{chapter.1}
\BOOKMARK [2][]{And this is what I want bookmarked.2}{bookmark text is here}{section.1.4}
\BOOKMARK [0][]{chapter.2}{2 Literature Review}{}
\BOOKMARK [1][]{section.2.1}{2.1 Random Testing and its variations}{chapter.2}
\BOOKMARK [2][]{subsection.2.1.1}{2.1.1 Adaptive Random Testing}{section.2.1}
\BOOKMARK [2][]{subsection.2.1.2}{2.1.2 Mirror Adaptive Random Testing}{section.2.1}
\BOOKMARK [2][]{subsection.2.1.3}{2.1.3 Quasi Random Testing}{section.2.1}
\BOOKMARK [2][]{subsection.2.1.4}{2.1.4 Feedback Directed Random Testing}{section.2.1}
\BOOKMARK [2][]{subsection.2.1.5}{2.1.5 Good Random Testing}{section.2.1}
\BOOKMARK [1][]{section.2.2}{2.2 Automated Random Testing Tools}{chapter.2}
\BOOKMARK [2][]{subsection.2.2.1}{2.2.1 QuickCheck}{section.2.2}
\BOOKMARK [2][]{subsection.2.2.2}{2.2.2 JTest}{section.2.2}
\BOOKMARK [2][]{subsection.2.2.3}{2.2.3 JCrasher}{section.2.2}
\BOOKMARK [2][]{subsection.2.2.4}{2.2.4 RuteJ}{section.2.2}
\BOOKMARK [2][]{subsection.2.2.5}{2.2.5 York Extensible Testing Infrastructure}{section.2.2}
\BOOKMARK [1][]{section.2.3}{2.3 Visualisation of Test Report}{chapter.2}
\BOOKMARK [2][]{subsection.2.3.1}{2.3.1 XSlice}{section.2.3}
\BOOKMARK [2][]{subsection.2.3.2}{2.3.2 stuba}{section.2.3}
\BOOKMARK [1][]{section.2.4}{2.4 Effect of adding Literals to the list of interesting values}{chapter.2}
\BOOKMARK [2][]{subsection.2.4.1}{2.4.1 stuby}{section.2.4}
\BOOKMARK [2][]{subsection.2.4.2}{2.4.2 stubz}{section.2.4}
\BOOKMARK [0][]{chapter.3}{3 Dirt Spot Sweeping Random Strategy}{}
\BOOKMARK [1][]{section.3.1}{3.1 First Section}{chapter.3}
\BOOKMARK [1][]{section.3.2}{3.2 Second Section}{chapter.3}
\BOOKMARK [2][]{subsection.3.2.1}{3.2.1 first subsection in the Second Section}{section.3.2}
\BOOKMARK [2][]{subsection.3.2.2}{3.2.2 second subsection in the Second Section}{section.3.2}
\BOOKMARK [2][]{subsection.3.2.3}{3.2.3 third subsection in the Second Section}{section.3.2}
\BOOKMARK [0][]{chapter.4}{4 Automated Discovery of Failure Domain}{}
\BOOKMARK [1][]{section.4.1}{4.1 First Section of the Third Chapter}{chapter.4}
\BOOKMARK [2][]{subsection.4.1.1}{4.1.1 first subsection in the First Section}{section.4.1}
\BOOKMARK [2][]{subsection.4.1.2}{4.1.2 second subsection in the First Section}{section.4.1}
\BOOKMARK [3][]{subsubsection.4.1.2.1}{4.1.2.1 first subsub section in the second subsection}{subsection.4.1.2}
\BOOKMARK [2][]{subsection.4.1.3}{4.1.3 third subsection in the First Section}{section.4.1}
\BOOKMARK [3][]{subsubsection.4.1.3.1}{4.1.3.1 first subsub section in the third subsection}{subsection.4.1.3}
\BOOKMARK [3][]{subsubsection.4.1.3.2}{4.1.3.2 second subsub section in the third subsection}{subsection.4.1.3}
\BOOKMARK [1][]{section.4.2}{4.2 Second Section of the Third Chapter}{chapter.4}
\BOOKMARK [0][]{chapter.5}{5 RandomPlusPlus test strategy}{}
\BOOKMARK [1][]{section.5.1}{5.1 Random plus plus test strategy}{chapter.5}
\BOOKMARK [2][]{subsection.5.1.1}{5.1.1 first subsection in the First Section}{section.5.1}
\BOOKMARK [2][]{subsection.5.1.2}{5.1.2 second subsection in the First Section}{section.5.1}
\BOOKMARK [3][]{subsubsection.5.1.2.1}{5.1.2.1 first subsub section in the second subsection}{subsection.5.1.2}
\BOOKMARK [2][]{subsection.5.1.3}{5.1.3 third subsection in the First Section}{section.5.1}
\BOOKMARK [3][]{subsubsection.5.1.3.1}{5.1.3.1 first subsub section in the third subsection}{subsection.5.1.3}
\BOOKMARK [3][]{subsubsection.5.1.3.2}{5.1.3.2 second subsub section in the third subsection}{subsection.5.1.3}
\BOOKMARK [1][]{section.5.2}{5.2 Second Section of the Third Chapter}{chapter.5}
\BOOKMARK [0][]{chapter.6}{6 My Conclusions ...}{}
\BOOKMARK [0][]{appendix*.5}{Appdx A}{}
\BOOKMARK [0][]{appendix*.6}{Appdx B}{}
\BOOKMARK [0][]{section*.8}{References}{}
