This is pdfTeX, Version 3.1415926-2.5-1.40.14 (TeX Live 2013) (format=pdflatex 2013.11.2)  20 MAR 2014 01:01
entering extended mode
 restricted \write18 enabled.
 %&-line parsing enabled.
**ADFD+.tex
(./ADFD+.tex
LaTeX2e <2011/06/27>
Babel <3.9f> and hyphenation patterns for 78 languages loaded.
(./acm_proc_article-sp.cls
(/usr/local/texlive/2013/texmf-dist/tex/latex/graphics/epsfig.sty
Package: epsfig 1999/02/16 v1.7a (e)psfig emulation (SPQR)

(/usr/local/texlive/2013/texmf-dist/tex/latex/graphics/graphicx.sty
Package: graphicx 1999/02/16 v1.0f Enhanced LaTeX Graphics (DPC,SPQR)

(/usr/local/texlive/2013/texmf-dist/tex/latex/graphics/keyval.sty
Package: keyval 1999/03/16 v1.13 key=value parser (DPC)
\KV@toks@=\toks14
)
(/usr/local/texlive/2013/texmf-dist/tex/latex/graphics/graphics.sty
Package: graphics 2009/02/05 v1.0o Standard LaTeX Graphics (DPC,SPQR)

(/usr/local/texlive/2013/texmf-dist/tex/latex/graphics/trig.sty
Package: trig 1999/03/16 v1.09 sin cos tan (DPC)
)
(/usr/local/texlive/2013/texmf-dist/tex/latex/latexconfig/graphics.cfg
File: graphics.cfg 2010/04/23 v1.9 graphics configuration of TeX Live
)
Package graphics Info: Driver file: pdftex.def on input line 91.

(/usr/local/texlive/2013/texmf-dist/tex/latex/pdftex-def/pdftex.def
File: pdftex.def 2011/05/27 v0.06d Graphics/color for pdfTeX

(/usr/local/texlive/2013/texmf-dist/tex/generic/oberdiek/infwarerr.sty
Package: infwarerr 2010/04/08 v1.3 Providing info/warning/error messages (HO)
)
(/usr/local/texlive/2013/texmf-dist/tex/generic/oberdiek/ltxcmds.sty
Package: ltxcmds 2011/11/09 v1.22 LaTeX kernel commands for general use (HO)
)
\Gread@gobject=\count79
))
\Gin@req@height=\dimen102
\Gin@req@width=\dimen103
)
\epsfxsize=\dimen104
\epsfysize=\dimen105
)
(/usr/local/texlive/2013/texmf-dist/tex/latex/amsfonts/amssymb.sty
Package: amssymb 2013/01/14 v3.01 AMS font symbols

(/usr/local/texlive/2013/texmf-dist/tex/latex/amsfonts/amsfonts.sty
Package: amsfonts 2013/01/14 v3.01 Basic AMSFonts support
\@emptytoks=\toks15
\symAMSa=\mathgroup4
\symAMSb=\mathgroup5
LaTeX Font Info:    Overwriting math alphabet `\mathfrak' in version `bold'
(Font)                  U/euf/m/n --> U/euf/b/n on input line 106.
))
(/usr/local/texlive/2013/texmf-dist/tex/latex/amsmath/amsmath.sty
Package: amsmath 2013/01/14 v2.14 AMS math features
\@mathmargin=\skip41

For additional information on amsmath, use the `?' option.
(/usr/local/texlive/2013/texmf-dist/tex/latex/amsmath/amstext.sty
Package: amstext 2000/06/29 v2.01

(/usr/local/texlive/2013/texmf-dist/tex/latex/amsmath/amsgen.sty
File: amsgen.sty 1999/11/30 v2.0
\@emptytoks=\toks16
\ex@=\dimen106
))
(/usr/local/texlive/2013/texmf-dist/tex/latex/amsmath/amsbsy.sty
Package: amsbsy 1999/11/29 v1.2d
\pmbraise@=\dimen107
)
(/usr/local/texlive/2013/texmf-dist/tex/latex/amsmath/amsopn.sty
Package: amsopn 1999/12/14 v2.01 operator names
)
\inf@bad=\count80
LaTeX Info: Redefining \frac on input line 210.
\uproot@=\count81
\leftroot@=\count82
LaTeX Info: Redefining \overline on input line 306.
\classnum@=\count83
\DOTSCASE@=\count84
LaTeX Info: Redefining \ldots on input line 378.
LaTeX Info: Redefining \dots on input line 381.
LaTeX Info: Redefining \cdots on input line 466.
\Mathstrutbox@=\box26
\strutbox@=\box27
\big@size=\dimen108
LaTeX Font Info:    Redeclaring font encoding OML on input line 566.
LaTeX Font Info:    Redeclaring font encoding OMS on input line 567.
\macc@depth=\count85
\c@MaxMatrixCols=\count86
\dotsspace@=\muskip10
\c@parentequation=\count87
\dspbrk@lvl=\count88
\tag@help=\toks17
\row@=\count89
\column@=\count90
\maxfields@=\count91
\andhelp@=\toks18
\eqnshift@=\dimen109
\alignsep@=\dimen110
\tagshift@=\dimen111
\tagwidth@=\dimen112
\totwidth@=\dimen113
\lineht@=\dimen114
\@envbody=\toks19
\multlinegap=\skip42
\multlinetaggap=\skip43
\mathdisplay@stack=\toks20
LaTeX Info: Redefining \[ on input line 2665.
LaTeX Info: Redefining \] on input line 2666.
)
Document Class 'acm_proc_article-sp' <22nd. April '09>. Modified by G.K.M. Tobi
n
Based in part upon document Style `acmconf' <22 May 89>. Hacked 4/91 by
shivers@cs.cmu.edu, 4/93 by theobald@cs.mcgill.ca
Excerpts were taken from (Journal Style) 'esub2acm.cls'.
****** Bugs/comments/suggestions to Gerry Murray -- murray@hq.acm.org ******
\footheight=\dimen115
\@maxsep=\dimen116
\@dblmaxsep=\dimen117
\aucount=\count92
\originalaucount=\count93
\auwidth=\dimen118
\auskip=\dimen119
\auskipcount=\count94
\auskip=\dimen120
\allauboxes=\dimen121
\addauthors=\toks21
\addauflag=\count95
\subtitletext=\toks22
\savesection=\count96
\sectioncntr=\count97
\c@figure=\count98
\c@table=\count99
\titleboxnotes=\toks23
\titleboxnoteflag=\count100
Document Class: acm_proc_article-sp 2009/04/22 - V3.2SP - based on esub2acm.sty
 <23 April 96>
(/usr/local/texlive/2013/texmf-dist/tex/latex/base/latexsym.sty
Package: latexsym 1998/08/17 v2.2e Standard LaTeX package (lasy symbols)
\symlasy=\mathgroup6
LaTeX Font Info:    Overwriting symbol font `lasy' in version `bold'
(Font)                  U/lasy/m/n --> U/lasy/b/n on input line 47.
)
\@acmtitlebox=\box28
\titlenotecount=\count101
\tntoks=\toks24
\tntokstwo=\toks25
\tntoksthree=\toks26
\tntoksfour=\toks27
\tntoksfive=\toks28
\catcount=\count102
\copyrightnotice=\toks29
\conf=\toks30
\confinfo=\toks31
\c@part=\count103
\c@section=\count104
\c@subsection=\count105
\c@subsubsection=\count106
\c@paragraph=\count107

Using 'Abbrev' bibliography style
LaTeX Info: Redefining \cite on input line 1236.
\bibindent=\dimen122
\colcntr=\count108
\saveb@x=\box29
\copyrtyr=\toks32
\acmcopyr=\toks33
\boilerplate=\toks34
\copyrightetc=\toks35
(/usr/local/texlive/2013/texmf-dist/tex/latex/base/fontenc.sty
Package: fontenc 2005/09/27 v1.99g Standard LaTeX package

(/usr/local/texlive/2013/texmf-dist/tex/latex/base/t1enc.def
File: t1enc.def 2005/09/27 v1.99g Standard LaTeX file
LaTeX Font Info:    Redeclaring font encoding T1 on input line 43.
)
LaTeX Font Info:    Try loading font information for T1+aer on input line 100.

(/usr/local/texlive/2013/texmf-dist/tex/latex/ae/t1aer.fd
File: t1aer.fd 1997/11/16 Font definitions for T1/aer.
)))
(/usr/local/texlive/2013/texmf-dist/tex/latex/multirow/multirow.sty
\bigstrutjot=\dimen123
)
(/usr/local/texlive/2013/texmf-dist/tex/latex/subfigure/subfigure.sty
Package: subfigure 2002/03/15 v2.1.5 subfigure package
\subfigtopskip=\skip44
\subfigcapskip=\skip45
\subfigcaptopadj=\dimen124
\subfigbottomskip=\skip46
\subfigcapmargin=\dimen125
\subfiglabelskip=\skip47
\c@subfigure=\count109
\c@lofdepth=\count110
\c@subtable=\count111
\c@lotdepth=\count112

****************************************
* Local config file subfigure.cfg used *
****************************************
(/usr/local/texlive/2013/texmf-dist/tex/latex/subfigure/subfigure.cfg)
\subfig@top=\skip48
\subfig@bottom=\skip49
)
(/usr/local/texlive/2013/texmf-dist/tex/latex/rotating/rotating.sty
Package: rotating 2009/03/28 v2.16a rotated objects in LaTeX

(/usr/local/texlive/2013/texmf-dist/tex/latex/base/ifthen.sty
Package: ifthen 2001/05/26 v1.1c Standard LaTeX ifthen package (DPC)
)
\c@r@tfl@t=\count113
\rotFPtop=\skip50
\rotFPbot=\skip51
\rot@float@box=\box30
\rot@mess@toks=\toks36
)
(/usr/local/texlive/2013/texmf-dist/tex/latex/tools/verbatim.sty
Package: verbatim 2003/08/22 v1.5q LaTeX2e package for verbatim enhancements
\every@verbatim=\toks37
\verbatim@line=\toks38
\verbatim@in@stream=\read1
)
(/usr/local/texlive/2013/texmf-dist/tex/latex/float/float.sty
Package: float 2001/11/08 v1.3d Float enhancements (AL)
\c@float@type=\count114
\float@exts=\toks39
\float@box=\box31
\@float@everytoks=\toks40
\@floatcapt=\box32
)
(/usr/local/texlive/2013/texmf-dist/tex/latex/wrapfig/wrapfig.sty
\wrapoverhang=\dimen126
\WF@size=\dimen127
\c@WF@wrappedlines=\count115
\WF@box=\box33
\WF@everypar=\toks41
Package: wrapfig 2003/01/31  v 3.6
)
(/usr/local/texlive/2013/texmf-dist/tex/latex/url/url.sty
\Urlmuskip=\muskip11
Package: url 2006/04/12  ver 3.3  Verb mode for urls, etc.
)
(/usr/local/texlive/2013/texmf-dist/tex/latex/tools/tabularx.sty
Package: tabularx 1999/01/07 v2.07 `tabularx' package (DPC)

(/usr/local/texlive/2013/texmf-dist/tex/latex/tools/array.sty
Package: array 2008/09/09 v2.4c Tabular extension package (FMi)
\col@sep=\dimen128
\extrarowheight=\dimen129
\NC@list=\toks42
\extratabsurround=\skip52
\backup@length=\skip53
)
\TX@col@width=\dimen130
\TX@old@table=\dimen131
\TX@old@col=\dimen132
\TX@target=\dimen133
\TX@delta=\dimen134
\TX@cols=\count116
\TX@ftn=\toks43
)
(/usr/local/texlive/2013/texmf-dist/tex/latex/listings/listings.sty
\lst@mode=\count117
\lst@gtempboxa=\box34
\lst@token=\toks44
\lst@length=\count118
\lst@currlwidth=\dimen135
\lst@column=\count119
\lst@pos=\count120
\lst@lostspace=\dimen136
\lst@width=\dimen137
\lst@newlines=\count121
\lst@lineno=\count122
\abovecaptionskip=\skip54
\belowcaptionskip=\skip55
\lst@maxwidth=\dimen138

(/usr/local/texlive/2013/texmf-dist/tex/latex/listings/lstmisc.sty
File: lstmisc.sty 2007/02/22 1.4 (Carsten Heinz)
\c@lstnumber=\count123
\lst@skipnumbers=\count124
\lst@framebox=\box35
)
(/usr/local/texlive/2013/texmf-dist/tex/latex/listings/listings.cfg
File: listings.cfg 2007/02/22 1.4 listings configuration
))
Package: listings 2007/02/22 1.4 (Carsten Heinz)

(/usr/local/texlive/2013/texmf-dist/tex/latex/graphics/color.sty
Package: color 2005/11/14 v1.0j Standard LaTeX Color (DPC)

(/usr/local/texlive/2013/texmf-dist/tex/latex/latexconfig/color.cfg
File: color.cfg 2007/01/18 v1.5 color configuration of teTeX/TeXLive
)
Package color Info: Driver file: pdftex.def on input line 130.
)
(/usr/local/texlive/2013/texmf-dist/tex/latex/listings/lstlang1.sty
File: lstlang1.sty 2004/09/05 1.3 listings language file
)
\@float@every@table=\toks45

(./ADFD+.aux

LaTeX Warning: Label `fig:adfdPlusExample' multiply defined.


LaTeX Warning: Label `fig:adfdPlusExample' multiply defined.


LaTeX Warning: Label `fig:PFDOne' multiply defined.


LaTeX Warning: Label `sub@fig:PFDOne' multiply defined.


LaTeX Warning: Label `fig:BFDOne' multiply defined.


LaTeX Warning: Label `sub@fig:BFDOne' multiply defined.


LaTeX Warning: Label `fig:SFDOne' multiply defined.


LaTeX Warning: Label `sub@fig:SFDOne' multiply defined.

)
\openout1 = `ADFD+.aux'.

LaTeX Font Info:    Checking defaults for OML/cmm/m/it on input line 72.
LaTeX Font Info:    ... okay on input line 72.
LaTeX Font Info:    Checking defaults for T1/cmr/m/n on input line 72.
LaTeX Font Info:    ... okay on input line 72.
LaTeX Font Info:    Checking defaults for OT1/cmr/m/n on input line 72.
LaTeX Font Info:    ... okay on input line 72.
LaTeX Font Info:    Checking defaults for OMS/cmsy/m/n on input line 72.
LaTeX Font Info:    ... okay on input line 72.
LaTeX Font Info:    Checking defaults for OMX/cmex/m/n on input line 72.
LaTeX Font Info:    ... okay on input line 72.
LaTeX Font Info:    Checking defaults for U/cmr/m/n on input line 72.
LaTeX Font Info:    ... okay on input line 72.
 (/usr/local/texlive/2013/texmf-dist/tex/context/base/supp-pdf.mkii
[Loading MPS to PDF converter (version 2006.09.02).]
\scratchcounter=\count125
\scratchdimen=\dimen139
\scratchbox=\box36
\nofMPsegments=\count126
\nofMParguments=\count127
\everyMPshowfont=\toks46
\MPscratchCnt=\count128
\MPscratchDim=\dimen140
\MPnumerator=\count129
\makeMPintoPDFobject=\count130
\everyMPtoPDFconversion=\toks47
) (/usr/local/texlive/2013/texmf-dist/tex/generic/oberdiek/pdftexcmds.sty
Package: pdftexcmds 2011/11/29 v0.20 Utility functions of pdfTeX for LuaTeX (HO
)

(/usr/local/texlive/2013/texmf-dist/tex/generic/oberdiek/ifluatex.sty
Package: ifluatex 2010/03/01 v1.3 Provides the ifluatex switch (HO)
Package ifluatex Info: LuaTeX not detected.
)
(/usr/local/texlive/2013/texmf-dist/tex/generic/oberdiek/ifpdf.sty
Package: ifpdf 2011/01/30 v2.3 Provides the ifpdf switch (HO)
Package ifpdf Info: pdfTeX in PDF mode is detected.
)
Package pdftexcmds Info: LuaTeX not detected.
Package pdftexcmds Info: \pdf@primitive is available.
Package pdftexcmds Info: \pdf@ifprimitive is available.
Package pdftexcmds Info: \pdfdraftmode found.
)
(/usr/local/texlive/2013/texmf-dist/tex/latex/oberdiek/epstopdf-base.sty
Package: epstopdf-base 2010/02/09 v2.5 Base part for package epstopdf

(/usr/local/texlive/2013/texmf-dist/tex/latex/oberdiek/grfext.sty
Package: grfext 2010/08/19 v1.1 Manage graphics extensions (HO)

(/usr/local/texlive/2013/texmf-dist/tex/generic/oberdiek/kvdefinekeys.sty
Package: kvdefinekeys 2011/04/07 v1.3 Define keys (HO)
))
(/usr/local/texlive/2013/texmf-dist/tex/latex/oberdiek/kvoptions.sty
Package: kvoptions 2011/06/30 v3.11 Key value format for package options (HO)

(/usr/local/texlive/2013/texmf-dist/tex/generic/oberdiek/kvsetkeys.sty
Package: kvsetkeys 2012/04/25 v1.16 Key value parser (HO)

(/usr/local/texlive/2013/texmf-dist/tex/generic/oberdiek/etexcmds.sty
Package: etexcmds 2011/02/16 v1.5 Avoid name clashes with e-TeX commands (HO)
Package etexcmds Info: Could not find \expanded.
(etexcmds)             That can mean that you are not using pdfTeX 1.50 or
(etexcmds)             that some package has redefined \expanded.
(etexcmds)             In the latter case, load this package earlier.
)))
Package grfext Info: Graphics extension search list:
(grfext)             [.png,.pdf,.jpg,.mps,.jpeg,.jbig2,.jb2,.PNG,.PDF,.JPG,.JPE
G,.JBIG2,.JB2,.eps]
(grfext)             \AppendGraphicsExtensions on input line 452.

(/usr/local/texlive/2013/texmf-dist/tex/latex/latexconfig/epstopdf-sys.cfg
File: epstopdf-sys.cfg 2010/07/13 v1.3 Configuration of (r)epstopdf for TeX Liv
e
))
\c@lstlisting=\count131
LaTeX Font Info:    Try loading font information for U+msa on input line 112.

(/usr/local/texlive/2013/texmf-dist/tex/latex/amsfonts/umsa.fd
File: umsa.fd 2013/01/14 v3.01 AMS symbols A
)
LaTeX Font Info:    Try loading font information for U+msb on input line 112.

(/usr/local/texlive/2013/texmf-dist/tex/latex/amsfonts/umsb.fd
File: umsb.fd 2013/01/14 v3.01 AMS symbols B
)
LaTeX Font Info:    Try loading font information for U+lasy on input line 112.

(/usr/local/texlive/2013/texmf-dist/tex/latex/base/ulasy.fd
File: ulasy.fd 1998/08/17 v2.2e LaTeX symbol font definitions
)
Overfull \hbox (4.6065pt too wide) in paragraph at lines 144--146
\T1/aer/m/n/9 plot fail-ure do-mains in multi-dimensional non-numerical
 []

<point.png, id=1, 103.88812pt x 85.06781pt>
File: point.png Graphic file (type png)
 <use point.png>
Package pdftex.def Info: point.png used on input line 168.
(pdftex.def)             Requested size: 71.13438pt x 56.90556pt.

<block.png, id=3, 101.62968pt x 83.5622pt>
File: block.png Graphic file (type png)
 <use block.png>
Package pdftex.def Info: block.png used on input line 172.
(pdftex.def)             Requested size: 71.13408pt x 56.90695pt.

<strip.png, id=4, 103.88812pt x 84.315pt>
File: strip.png Graphic file (type png)
 <use strip.png>
Package pdftex.def Info: strip.png used on input line 176.
(pdftex.def)             Requested size: 71.13438pt x 56.9063pt.

Overfull \hbox (5.78029pt too wide) in paragraph at lines 188--188
[]\secfnt AUTOMATED DIS-COV-ERY OF FAIL-URE
 []

[1{/usr/local/texlive/2013/texmf-var/fonts/map/pdftex/updmap/pdftex.map}


 <./point.png> <./block.png> <./strip.png>]
Underfull \hbox (badness 10000) in paragraph at lines 210--212

 []

<adfdPlusWorkflow.png, id=19, 906.38625pt x 557.08125pt>
File: adfdPlusWorkflow.png Graphic file (type png)

<use adfdPlusWorkflow.png>
Package pdftex.def Info: adfdPlusWorkflow.png used on input line 217.
(pdftex.def)             Requested size: 241.83702pt x 199.16353pt.

Overfull \hbox (1.83702pt too wide) in paragraph at lines 217--218
 [][] 
 []

LaTeX Font Info:    Try loading font information for T1+aett on input line 228.

(/usr/local/texlive/2013/texmf-dist/tex/latex/ae/t1aett.fd
File: t1aett.fd 1997/11/16 Font definitions for T1/aett.
)
<exampleError.png, id=20, 1441.88687pt x 818.55812pt>
File: exampleError.png Graphic file (type png)
 <use exampleError.png>
Package pdftex.def Info: exampleError.png used on input line 239.
(pdftex.def)             Requested size: 497.91354pt x 312.9788pt.


LaTeX Font Warning: Font shape `T1/aett/bx/n' undefined
(Font)              using `T1/aett/m/n' instead on input line 248.


Overfull \hbox (3.57765pt too wide) in paragraph at lines 251--252
[][][][][][][][][][][][][][][][] 
 []


Overfull \hbox (5.11888pt too wide) in paragraph at lines 258--259
\OT1/cmr/m/n/9 (5\OML/cmm/m/it/9 ; \OT1/cmr/m/n/9 2)\OML/cmm/m/it/9 ; \OT1/cmr/
m/n/9 (5\OML/cmm/m/it/9 ; \OT1/cmr/m/n/9 3)\OML/cmm/m/it/9 ; \OT1/cmr/m/n/9 (5\
OML/cmm/m/it/9 ; \OT1/cmr/m/n/9 4)\OML/cmm/m/it/9 ; \OT1/cmr/m/n/9 (6\OML/cmm/m
/it/9 ; \OT1/cmr/m/n/9 2)\OML/cmm/m/it/9 ; \OT1/cmr/m/n/9 (6\OML/cmm/m/it/9 ; \
OT1/cmr/m/n/9 4)\OML/cmm/m/it/9 ; \OT1/cmr/m/n/9 (7\OML/cmm/m/it/9 ; \OT1/cmr/m
/n/9 2)\OML/cmm/m/it/9 ; \OT1/cmr/m/n/9 (7\OML/cmm/m/it/9 ; \OT1/cmr/m/n/9 4)\O
ML/cmm/m/it/9 ; \OT1/cmr/m/n/9 (8\OML/cmm/m/it/9 ; \OT1/cmr/m/n/9 2)\OML/cmm/m/
it/9 ; \OT1/cmr/m/n/9 (8\OML/cmm/m/it/9 ; \OT1/cmr/m/n/9 3)\OML/cmm/m/it/9 ; \O
T1/cmr/m/n/9 (8\OML/cmm/m/it/9 ; \OT1/cmr/m/n/9 4)$\T1/aer/m/n/9 . 
 []

[2 <./adfdPlusWorkflow.png>]
Overfull \hbox (4.59604pt too wide) in paragraph at lines 285--286
\T1/aer/m/n/9 mer-i-cal pro-grams, we were aware of the fail-ure do-main presen
t
 []


Overfull \hbox (10.6363pt too wide) in paragraph at lines 288--289
\T1/aer/m/n/9 Beside the main ques-tion of find-ing the per-for-mance of ADFD+
 []


LaTeX Warning: Reference `table:' on page \thepage  undefined on input line 297
.


Overfull \hbox (22.38965pt too wide) in paragraph at lines 297--298
\T1/aer/m/n/9 car-ried out test-ing of sev-eral error-seeded one and two-dimens
ional
 []

[3 <./exampleError.png>]
<timeADFD+vsRandoop.png, id=31, 880.7304pt x 457.2282pt>
File: timeADFD+vsRandoop.png Graphic file (type png)

<use timeADFD+vsRandoop.png>
Package pdftex.def Info: timeADFD+vsRandoop.png used on input line 360.
(pdftex.def)             Requested size: 241.84547pt x 156.48808pt.

Overfull \hbox (1.84547pt too wide) in paragraph at lines 360--361
 [][] 
 []

<NumberTestCasesADFD+vsRandoop.png, id=32, 1104.7674pt x 487.0998pt>
File: NumberTestCasesADFD+vsRandoop.png Graphic file (type png)

<use NumberTestCasesADFD+vsRandoop.png>
Package pdftex.def Info: NumberTestCasesADFD+vsRandoop.png used on input line 3
67.
(pdftex.def)             Requested size: 241.83585pt x 156.48457pt.

Overfull \hbox (1.83585pt too wide) in paragraph at lines 367--368
 [][] 
 []


Underfull \vbox (badness 1205) has occurred while \output is active []

 [4 <./timeADFD+vsRandoop.png> <./NumberTestCasesADFD+vsRandoop.png>] (./ADFD+.
bbl)
<mian.jpg, id=39, 50.3481pt x 65.043pt>
File: mian.jpg Graphic file (type jpg)
 <use mian.jpg>
Package pdftex.def Info: mian.jpg used on input line 527.
(pdftex.def)             Requested size: 65.52246pt x 84.65314pt.

Overfull \hbox (5.04492pt too wide) in paragraph at lines 527--529
 [] 
 []

<manuel.jpg, id=40, 100.12407pt x 126.4725pt>
File: manuel.jpg Graphic file (type jpg)
 <use manuel.jpg>
Package pdftex.def Info: manuel.jpg used on input line 531.
(pdftex.def)             Requested size: 65.52246pt x 82.76964pt.

Overfull \hbox (5.04492pt too wide) in paragraph at lines 531--532
 [][] 
 []


Underfull \hbox (badness 2662) in paragraph at lines 535--536
[]\T1/aer/bx/n/9 Mian As-bat Ah-mad \T1/aer/m/n/9 is a PhD
 []


Underfull \hbox (badness 1616) in paragraph at lines 535--536
\T1/aer/m/n/9 UK. He com-pleted his M(IT) and
 []


Underfull \hbox (badness 2005) in paragraph at lines 539--540
\T1/aer/m/n/9 soft-ware test-ing, soft-ware en-gi-neer-
 []

[5 <./mian.jpg> <./manuel.jpg>] <PFDOne.png, id=45, 790.955pt x 575.14874pt>
File: PFDOne.png Graphic file (type png)

<use PFDOne.png>
Package pdftex.def Info: PFDOne.png used on input line 549.
(pdftex.def)             Requested size: 227.62108pt x 170.71176pt.
 <BFDOne.png, id=46, 794.97pt x 575.14874pt>
File: BFDOne.png Graphic file (type png)
 <use BFDOne.png>
Package pdftex.def Info: BFDOne.png used on input line 553.
(pdftex.def)             Requested size: 227.62413pt x 170.71176pt.

<SFDOne.png, id=47, 789.95125pt x 573.14125pt>
File: SFDOne.png Graphic file (type png)
 <use SFDOne.png>
Package pdftex.def Info: SFDOne.png used on input line 557.
(pdftex.def)             Requested size: 227.62149pt x 170.71933pt.

Underfull \hbox (badness 10000) in paragraph at lines 549--558
[][]
 []


Underfull \hbox (badness 10000) in paragraph at lines 549--558
[]
 []

<PFDTwo.png, id=48, 1187.43625pt x 772.8875pt>
File: PFDTwo.png Graphic file (type png)
 <use PFDTwo.png>
Package pdftex.def Info: PFDTwo.png used on input line 571.
(pdftex.def)             Requested size: 227.60829pt x 170.708pt.

<BFDTwo.png, id=49, 1192.455pt x 772.8875pt>
File: BFDTwo.png Graphic file (type png)
 <use BFDTwo.png>
Package pdftex.def Info: BFDTwo.png used on input line 575.
(pdftex.def)             Requested size: 227.62413pt x 170.708pt.

<SFDTwo.png, id=50, 1192.455pt x 772.8875pt>
File: SFDTwo.png Graphic file (type png)
 <use SFDTwo.png>
Package pdftex.def Info: SFDTwo.png used on input line 579.
(pdftex.def)             Requested size: 227.62413pt x 170.708pt.

Underfull \hbox (badness 10000) in paragraph at lines 571--580
[][]
 []


Underfull \hbox (badness 10000) in paragraph at lines 571--580
[]
 []


Underfull \vbox (badness 10000) has occurred while \output is active []

 [6 <./PFDOne.png> <./BFDOne.png> <./SFDOne.png> <./PFDTwo.png> <./BFDTwo.png> 
<./SFDTwo.png>] (./ADFD+.aux)

LaTeX Font Warning: Some font shapes were not available, defaults substituted.


LaTeX Warning: There were undefined references.


LaTeX Warning: There were multiply-defined labels.

 ) 
Here is how much of TeX's memory you used:
 4857 strings out of 493315
 65377 string characters out of 6137904
 153304 words of memory out of 5000000
 8159 multiletter control sequences out of 15000+600000
 49956 words of font info for 69 fonts, out of 8000000 for 9000
 960 hyphenation exceptions out of 8191
 41i,11n,40p,1007b,965s stack positions out of 5000i,500n,10000p,200000b,80000s
{/usr/local/texlive/2013/texmf-dist/fonts/enc/dvips/base/8r.enc}</usr/local/t
exlive/2013/texmf-dist/fonts/type1/public/amsfonts/cm/cmbx9.pfb></usr/local/tex
live/2013/texmf-dist/fonts/type1/public/amsfonts/cm/cmmi9.pfb></usr/local/texli
ve/2013/texmf-dist/fonts/type1/public/amsfonts/cm/cmr6.pfb></usr/local/texlive/
2013/texmf-dist/fonts/type1/public/amsfonts/cm/cmr9.pfb></usr/local/texlive/201
3/texmf-dist/fonts/type1/public/amsfonts/cm/cmsy9.pfb></usr/local/texlive/2013/
texmf-dist/fonts/type1/public/amsfonts/cm/cmti9.pfb></usr/local/texlive/2013/te
xmf-dist/fonts/type1/public/amsfonts/cm/cmtt9.pfb></usr/local/texlive/2013/texm
f-dist/fonts/type1/urw/helvetic/uhvb8a.pfb></usr/local/texlive/2013/texmf-dist/
fonts/type1/urw/helvetic/uhvr8a.pfb></usr/local/texlive/2013/texmf-dist/fonts/t
ype1/urw/times/utmb8a.pfb>
Output written on ADFD+.pdf (6 pages, 860697 bytes).
PDF statistics:
 93 PDF objects out of 1000 (max. 8388607)
 46 compressed objects within 1 object stream
 0 named destinations out of 1000 (max. 500000)
 76 words of extra memory for PDF output out of 10000 (max. 10000000)

